#
# A fatal error has been detected by the Java Runtime Environment:
#
#  EXCEPTION_ACCESS_VIOLATION (0xc0000005) at pc=0x00007ff8deabfc6b, pid=17496, tid=11016
#
# JRE version: Java(TM) SE Runtime Environment (11.0.1+13) (build 11.0.1+13-LTS)
# Java VM: Java HotSpot(TM) 64-Bit Server VM (11.0.1+13-LTS, mixed mode, tiered, compressed oops, g1 gc, windows-amd64)
# Problematic frame:
# V  [jvm.dll+0x6bfc6b]
#
# No core dump will be written. Minidumps are not enabled by default on client versions of Windows
#
# If you would like to submit a bug report, please visit:
#   http://bugreport.java.com/bugreport/crash.jsp
#

---------------  S U M M A R Y ------------

Command Line: -agentlib:jdwp=transport=dt_socket,suspend=y,address=localhost:61388 -ea -javaagent:D:\Java\Eclipseee\eclipse\configuration\org.eclipse.osgi\418\0\.cp\lib\javaagent-shaded.jar -Dfile.encoding=UTF-8 org.eclipse.jdt.internal.junit.runner.RemoteTestRunner -version 3 -port 61387 -testLoaderClass org.eclipse.jdt.internal.junit5.runner.JUnit5TestLoader -loaderpluginname org.eclipse.jdt.junit5.runtime -classNames com.nuc.a4q.spider.PostSpider

Host: Intel(R) Core(TM) i5-6300HQ CPU @ 2.30GHz, 4 cores, 7G,  Windows 10 , 64 bit Build 17763 (10.0.17763.437)
Time: Sat May 11 21:34:11 2019 ?D1¨²¡À¨º¡Á?¨º¡À?? elapsed time: 413 seconds (0d 0h 6m 53s)

---------------  T H R E A D  ---------------

Current thread (0x000002485dcfa000):  VMThread "VM Thread" [stack: 0x0000007a45b00000,0x0000007a45c00000] [id=11016]

Stack: [0x0000007a45b00000,0x0000007a45c00000],  sp=0x0000007a45bfe8b0,  free space=1018k
Native frames: (J=compiled Java code, j=interpreted, Vv=VM code, C=native code)
V  [jvm.dll+0x6bfc6b]
V  [jvm.dll+0x344753]
V  [jvm.dll+0x346699]
V  [jvm.dll+0x347050]
V  [jvm.dll+0x3443bc]
V  [jvm.dll+0x343662]
V  [jvm.dll+0x62b355]
V  [jvm.dll+0x62b0dd]
V  [jvm.dll+0x5f0b9a]
V  [jvm.dll+0x503ec7]
V  [jvm.dll+0x78178c]
V  [jvm.dll+0x77fc47]
V  [jvm.dll+0x780470]
V  [jvm.dll+0x78077f]
V  [jvm.dll+0x63b2b2]
C  [ucrtbase.dll+0x21ffa]
C  [KERNEL32.DLL+0x17974]
C  [ntdll.dll+0x6a271]


siginfo: EXCEPTION_ACCESS_VIOLATION (0xc0000005), reading address 0x0000000000000006


Register to memory mapping:

RIP=0x00007ff8deabfc6b jvm.dll
RAX=0x0000007a45bfe940 points into unknown readable memory
RBX=0x0000007a45bfe910 points into unknown readable memory
RCX=0x0 is NULL
RDX=0x0 is NULL
RSP=0x0000007a45bfe8b0 points into unknown readable memory
RBP=0x0000007a45bfee20 points into unknown readable memory
RSI=0x0 is NULL
RDI=0x0 is NULL
R8 =0x0 is NULL
R9 =0x000002485f6802f8 is pointing into metadata
R10=0x00007ff8de400000 jvm.dll
R11=0x0000007a45bfed70 points into unknown readable memory
R12=0x000002485dcb51c0 points into unknown readable memory
R13=0x00000000000000a0 is an unknown value
R14=0x000002485f680824 is pointing into metadata
R15=0x000000000000006f is an unknown value


Registers:
RAX=0x0000007a45bfe940, RBX=0x0000007a45bfe910, RCX=0x0000000000000000, RDX=0x0000000000000000
RSP=0x0000007a45bfe8b0, RBP=0x0000007a45bfee20, RSI=0x0000000000000000, RDI=0x0000000000000000
R8 =0x0000000000000000, R9 =0x000002485f6802f8, R10=0x00007ff8de400000, R11=0x0000007a45bfed70
R12=0x000002485dcb51c0, R13=0x00000000000000a0, R14=0x000002485f680824, R15=0x000000000000006f
RIP=0x00007ff8deabfc6b, EFLAGS=0x0000000000010246

Top of Stack: (sp=0x0000007a45bfe8b0)
0x0000007a45bfe8b0:   0000007a45bfe910 00007ff91a030000
0x0000007a45bfe8c0:   00007ff8deea8a40 00007ff8deac0178
0x0000007a45bfe8d0:   0000000000000000 00007ff8de744753
0x0000007a45bfe8e0:   0000000000000000 0000007a45bfef90
0x0000007a45bfe8f0:   0000007a45bfee00 0000000000001bf0
0x0000007a45bfe900:   0000007a02000002 0000000000000010
0x0000007a45bfe910:   00007ff8dec95c08 0000000000000000
0x0000007a45bfe920:   0000000000000000 000000000000000c
0x0000007a45bfe930:   0000007a45bfe940 0000024800000000
0x0000007a45bfe940:   0000000046000069 000002485fd520f0
0x0000007a45bfe950:   4fffffff4fffffff 00000000000003fe
0x0000007a45bfe960:   00007ff8dec95c08 00000000000003fe
0x0000007a45bfe970:   0000000000000002 00007ff900000004
0x0000007a45bfe980:   0000007a45bfe9a0 00007ff91a0335b5
0x0000007a45bfe990:   0000007a45bfeae0 00007ff8deac0178
0x0000007a45bfe9a0:   4fffffff4fffffff 4fffffff4fffffff 

Instructions: (pc=0x00007ff8deabfc6b)
0x00007ff8deabfc4b:   cc cc cc cc cc 40 53 48 83 ec 20 c7 41 10 00 00
0x00007ff8deabfc5b:   00 00 48 8b d9 48 89 7c 24 38 48 8b 79 08 33 c9
0x00007ff8deabfc6b:   80 7f 06 28 74 26 44 8d 49 28 8d 51 35 48 8d 0d
0x00007ff8deabfc7b:   b1 45 22 00 4c 8d 05 9a 45 22 00 e8 85 28 ba ff 


VM_Operation (0x0000007a464ff500): GetOrSetLocal, mode: safepoint, requested by thread 0x000002485ed2c800


---------------  P R O C E S S  ---------------

Threads class SMR info:
_java_thread_list=0x000002485ff9b9b0, length=14, elements={
0x000002483da23000, 0x000002485dcfe800, 0x000002485dd2b000, 0x000002485e5fc800,
0x000002485e5fd000, 0x000002485e601800, 0x000002485dd4b800, 0x000002485dd4c800,
0x000002485e788000, 0x000002485ed2c800, 0x000002485ed2d000, 0x000002485e9ad800,
0x000002485f040000, 0x000002485ee3d000
}

Java Threads: ( => current thread )
  0x000002483da23000 JavaThread "main" [_thread_blocked, id=13832, stack(0x0000007a45500000,0x0000007a45600000)]
  0x000002485dcfe800 JavaThread "Reference Handler" daemon [_thread_blocked, id=12400, stack(0x0000007a45c00000,0x0000007a45d00000)]
  0x000002485dd2b000 JavaThread "Finalizer" daemon [_thread_blocked, id=15168, stack(0x0000007a45d00000,0x0000007a45e00000)]
  0x000002485e5fc800 JavaThread "Signal Dispatcher" daemon [_thread_blocked, id=12432, stack(0x0000007a45e00000,0x0000007a45f00000)]
  0x000002485e5fd000 JavaThread "Attach Listener" daemon [_thread_blocked, id=6420, stack(0x0000007a45f00000,0x0000007a46000000)]
  0x000002485e601800 JavaThread "C2 CompilerThread0" daemon [_thread_blocked, id=14256, stack(0x0000007a46000000,0x0000007a46100000)]
  0x000002485dd4b800 JavaThread "C1 CompilerThread0" daemon [_thread_blocked, id=16712, stack(0x0000007a46100000,0x0000007a46200000)]
  0x000002485dd4c800 JavaThread "Sweeper thread" daemon [_thread_blocked, id=19560, stack(0x0000007a46200000,0x0000007a46300000)]
  0x000002485e788000 JavaThread "Common-Cleaner" daemon [_thread_blocked, id=2868, stack(0x0000007a46300000,0x0000007a46400000)]
  0x000002485ed2c800 JavaThread "JDWP Transport Listener: dt_socket" daemon [_thread_blocked, id=7884, stack(0x0000007a46400000,0x0000007a46500000)] _threads_hazard_ptr=0x000002485ff9b9b0
  0x000002485ed2d000 JavaThread "JDWP Event Helper Thread" daemon [_thread_blocked, id=13908, stack(0x0000007a46500000,0x0000007a46600000)]
  0x000002485e9ad800 JavaThread "JDWP Command Reader" daemon [_thread_in_native, id=9724, stack(0x0000007a46600000,0x0000007a46700000)]
  0x000002485f040000 JavaThread "Service Thread" daemon [_thread_blocked, id=20168, stack(0x0000007a46800000,0x0000007a46900000)]
  0x000002485ee3d000 JavaThread "ReaderThread" [_thread_in_native, id=7152, stack(0x0000007a46a00000,0x0000007a46b00000)]

Other Threads:
=>0x000002485dcfa000 VMThread "VM Thread" [stack: 0x0000007a45b00000,0x0000007a45c00000] [id=11016]
  0x000002485f190000 WatcherThread [stack: 0x0000007a46900000,0x0000007a46a00000] [id=2240]
  0x000002483da3c000 GCTaskThread "GC Thread#0" [stack: 0x0000007a45600000,0x0000007a45700000] [id=1732]
  0x000002485e98f000 GCTaskThread "GC Thread#1" [stack: 0x0000007a46b00000,0x0000007a46c00000] [id=19808]
  0x000002485fb75800 GCTaskThread "GC Thread#2" [stack: 0x0000007a46c00000,0x0000007a46d00000] [id=14392]
  0x000002485ee98000 GCTaskThread "GC Thread#3" [stack: 0x0000007a46d00000,0x0000007a46e00000] [id=18028]
  0x000002483da6b000 ConcurrentGCThread "G1 Main Marker" [stack: 0x0000007a45700000,0x0000007a45800000] [id=2252]
  0x000002483da6d000 ConcurrentGCThread "G1 Conc#0" [stack: 0x0000007a45800000,0x0000007a45900000] [id=2184]
  0x000002485db66800 ConcurrentGCThread "G1 Refine#0" [stack: 0x0000007a45900000,0x0000007a45a00000] [id=20132]
  0x000002485db69800 ConcurrentGCThread "G1 Young RemSet Sampling" [stack: 0x0000007a45a00000,0x0000007a45b00000] [id=7664]

Threads with active compile tasks:

VM state:at safepoint (normal execution)

VM Mutex/Monitor currently owned by a thread:  ([mutex/lock_event])
[0x000002483da201c0] Threads_lock - owner thread: 0x000002485dcfa000

Heap address: 0x0000000081400000, size: 2028 MB, Compressed Oops mode: 32-bit
Narrow klass base: 0x0000000000000000, Narrow klass shift: 3
Compressed class space size: 1073741824 Address: 0x0000000100000000

Heap:
 garbage-first heap   total 131072K, used 15478K [0x0000000081400000, 0x0000000100000000)
  region size 1024K, 12 young (12288K), 1 survivors (1024K)
 Metaspace       used 15070K, capacity 15500K, committed 15616K, reserved 1062912K
  class space    used 1531K, capacity 1701K, committed 1792K, reserved 1048576K
Heap Regions: E=young(eden), S=young(survivor), O=old, HS=humongous(starts), HC=humongous(continues), CS=collection set, F=free, A=archive, TAMS=top-at-mark-start (previous, next)
|   0|0x0000000081400000, 0x0000000081500000, 0x0000000081500000|100%| O|  |TAMS 0x0000000081400000, 0x0000000081400000| Untracked 
|   1|0x0000000081500000, 0x0000000081600000, 0x0000000081600000|100%| O|  |TAMS 0x0000000081500000, 0x0000000081500000| Untracked 
|   2|0x0000000081600000, 0x0000000081700000, 0x0000000081700000|100%| O|  |TAMS 0x0000000081600000, 0x0000000081600000| Untracked 
|   3|0x0000000081700000, 0x0000000081800000, 0x0000000081800000|100%| O|  |TAMS 0x0000000081700000, 0x0000000081700000| Untracked 
|   4|0x0000000081800000, 0x0000000081876e00, 0x0000000081900000| 46%| O|  |TAMS 0x0000000081800000, 0x0000000081800000| Untracked 
|   5|0x0000000081900000, 0x0000000081900000, 0x0000000081a00000|  0%| F|  |TAMS 0x0000000081900000, 0x0000000081900000| Untracked 
|   6|0x0000000081a00000, 0x0000000081a00000, 0x0000000081b00000|  0%| F|  |TAMS 0x0000000081a00000, 0x0000000081a00000| Untracked 
|   7|0x0000000081b00000, 0x0000000081b00000, 0x0000000081c00000|  0%| F|  |TAMS 0x0000000081b00000, 0x0000000081b00000| Untracked 
|   8|0x0000000081c00000, 0x0000000081c00000, 0x0000000081d00000|  0%| F|  |TAMS 0x0000000081c00000, 0x0000000081c00000| Untracked 
|   9|0x0000000081d00000, 0x0000000081d00000, 0x0000000081e00000|  0%| F|  |TAMS 0x0000000081d00000, 0x0000000081d00000| Untracked 
|  10|0x0000000081e00000, 0x0000000081e00000, 0x0000000081f00000|  0%| F|  |TAMS 0x0000000081e00000, 0x0000000081e00000| Untracked 
|  11|0x0000000081f00000, 0x0000000081f00000, 0x0000000082000000|  0%| F|  |TAMS 0x0000000081f00000, 0x0000000081f00000| Untracked 
|  12|0x0000000082000000, 0x0000000082000000, 0x0000000082100000|  0%| F|  |TAMS 0x0000000082000000, 0x0000000082000000| Untracked 
|  13|0x0000000082100000, 0x0000000082100000, 0x0000000082200000|  0%| F|  |TAMS 0x0000000082100000, 0x0000000082100000| Untracked 
|  14|0x0000000082200000, 0x0000000082200000, 0x0000000082300000|  0%| F|  |TAMS 0x0000000082200000, 0x0000000082200000| Untracked 
|  15|0x0000000082300000, 0x0000000082300000, 0x0000000082400000|  0%| F|  |TAMS 0x0000000082300000, 0x0000000082300000| Untracked 
|  16|0x0000000082400000, 0x0000000082400000, 0x0000000082500000|  0%| F|  |TAMS 0x0000000082400000, 0x0000000082400000| Untracked 
|  17|0x0000000082500000, 0x0000000082500000, 0x0000000082600000|  0%| F|  |TAMS 0x0000000082500000, 0x0000000082500000| Untracked 
|  18|0x0000000082600000, 0x0000000082600000, 0x0000000082700000|  0%| F|  |TAMS 0x0000000082600000, 0x0000000082600000| Untracked 
|  19|0x0000000082700000, 0x0000000082700000, 0x0000000082800000|  0%| F|  |TAMS 0x0000000082700000, 0x0000000082700000| Untracked 
|  20|0x0000000082800000, 0x0000000082800000, 0x0000000082900000|  0%| F|  |TAMS 0x0000000082800000, 0x0000000082800000| Untracked 
|  21|0x0000000082900000, 0x0000000082900000, 0x0000000082a00000|  0%| F|  |TAMS 0x0000000082900000, 0x0000000082900000| Untracked 
|  22|0x0000000082a00000, 0x0000000082a00000, 0x0000000082b00000|  0%| F|  |TAMS 0x0000000082a00000, 0x0000000082a00000| Untracked 
|  23|0x0000000082b00000, 0x0000000082b00000, 0x0000000082c00000|  0%| F|  |TAMS 0x0000000082b00000, 0x0000000082b00000| Untracked 
|  24|0x0000000082c00000, 0x0000000082c00000, 0x0000000082d00000|  0%| F|  |TAMS 0x0000000082c00000, 0x0000000082c00000| Untracked 
|  25|0x0000000082d00000, 0x0000000082d00000, 0x0000000082e00000|  0%| F|  |TAMS 0x0000000082d00000, 0x0000000082d00000| Untracked 
|  26|0x0000000082e00000, 0x0000000082e00000, 0x0000000082f00000|  0%| F|  |TAMS 0x0000000082e00000, 0x0000000082e00000| Untracked 
|  27|0x0000000082f00000, 0x0000000082f00000, 0x0000000083000000|  0%| F|  |TAMS 0x0000000082f00000, 0x0000000082f00000| Untracked 
|  28|0x0000000083000000, 0x0000000083000000, 0x0000000083100000|  0%| F|  |TAMS 0x0000000083000000, 0x0000000083000000| Untracked 
|  29|0x0000000083100000, 0x0000000083100000, 0x0000000083200000|  0%| F|  |TAMS 0x0000000083100000, 0x0000000083100000| Untracked 
|  30|0x0000000083200000, 0x0000000083200000, 0x0000000083300000|  0%| F|  |TAMS 0x0000000083200000, 0x0000000083200000| Untracked 
|  31|0x0000000083300000, 0x0000000083300000, 0x0000000083400000|  0%| F|  |TAMS 0x0000000083300000, 0x0000000083300000| Untracked 
|  32|0x0000000083400000, 0x0000000083400000, 0x0000000083500000|  0%| F|  |TAMS 0x0000000083400000, 0x0000000083400000| Untracked 
|  33|0x0000000083500000, 0x0000000083500000, 0x0000000083600000|  0%| F|  |TAMS 0x0000000083500000, 0x0000000083500000| Untracked 
|  34|0x0000000083600000, 0x0000000083600000, 0x0000000083700000|  0%| F|  |TAMS 0x0000000083600000, 0x0000000083600000| Untracked 
|  35|0x0000000083700000, 0x0000000083700000, 0x0000000083800000|  0%| F|  |TAMS 0x0000000083700000, 0x0000000083700000| Untracked 
|  36|0x0000000083800000, 0x0000000083800000, 0x0000000083900000|  0%| F|  |TAMS 0x0000000083800000, 0x0000000083800000| Untracked 
|  37|0x0000000083900000, 0x0000000083900000, 0x0000000083a00000|  0%| F|  |TAMS 0x0000000083900000, 0x0000000083900000| Untracked 
|  38|0x0000000083a00000, 0x0000000083a00000, 0x0000000083b00000|  0%| F|  |TAMS 0x0000000083a00000, 0x0000000083a00000| Untracked 
|  39|0x0000000083b00000, 0x0000000083b00000, 0x0000000083c00000|  0%| F|  |TAMS 0x0000000083b00000, 0x0000000083b00000| Untracked 
|  40|0x0000000083c00000, 0x0000000083c00000, 0x0000000083d00000|  0%| F|  |TAMS 0x0000000083c00000, 0x0000000083c00000| Untracked 
|  41|0x0000000083d00000, 0x0000000083d00000, 0x0000000083e00000|  0%| F|  |TAMS 0x0000000083d00000, 0x0000000083d00000| Untracked 
|  42|0x0000000083e00000, 0x0000000083e00000, 0x0000000083f00000|  0%| F|  |TAMS 0x0000000083e00000, 0x0000000083e00000| Untracked 
|  43|0x0000000083f00000, 0x0000000083f00000, 0x0000000084000000|  0%| F|  |TAMS 0x0000000083f00000, 0x0000000083f00000| Untracked 
|  44|0x0000000084000000, 0x0000000084000000, 0x0000000084100000|  0%| F|  |TAMS 0x0000000084000000, 0x0000000084000000| Untracked 
|  45|0x0000000084100000, 0x0000000084100000, 0x0000000084200000|  0%| F|  |TAMS 0x0000000084100000, 0x0000000084100000| Untracked 
|  46|0x0000000084200000, 0x0000000084200000, 0x0000000084300000|  0%| F|  |TAMS 0x0000000084200000, 0x0000000084200000| Untracked 
|  47|0x0000000084300000, 0x0000000084300000, 0x0000000084400000|  0%| F|  |TAMS 0x0000000084300000, 0x0000000084300000| Untracked 
|  48|0x0000000084400000, 0x0000000084400000, 0x0000000084500000|  0%| F|  |TAMS 0x0000000084400000, 0x0000000084400000| Untracked 
|  49|0x0000000084500000, 0x0000000084500000, 0x0000000084600000|  0%| F|  |TAMS 0x0000000084500000, 0x0000000084500000| Untracked 
|  50|0x0000000084600000, 0x0000000084600000, 0x0000000084700000|  0%| F|  |TAMS 0x0000000084600000, 0x0000000084600000| Untracked 
|  51|0x0000000084700000, 0x0000000084700000, 0x0000000084800000|  0%| F|  |TAMS 0x0000000084700000, 0x0000000084700000| Untracked 
|  52|0x0000000084800000, 0x0000000084800000, 0x0000000084900000|  0%| F|  |TAMS 0x0000000084800000, 0x0000000084800000| Untracked 
|  53|0x0000000084900000, 0x0000000084900000, 0x0000000084a00000|  0%| F|  |TAMS 0x0000000084900000, 0x0000000084900000| Untracked 
|  54|0x0000000084a00000, 0x0000000084a00000, 0x0000000084b00000|  0%| F|  |TAMS 0x0000000084a00000, 0x0000000084a00000| Untracked 
|  55|0x0000000084b00000, 0x0000000084b00000, 0x0000000084c00000|  0%| F|  |TAMS 0x0000000084b00000, 0x0000000084b00000| Untracked 
|  56|0x0000000084c00000, 0x0000000084c00000, 0x0000000084d00000|  0%| F|  |TAMS 0x0000000084c00000, 0x0000000084c00000| Untracked 
|  57|0x0000000084d00000, 0x0000000084d00000, 0x0000000084e00000|  0%| F|  |TAMS 0x0000000084d00000, 0x0000000084d00000| Untracked 
|  58|0x0000000084e00000, 0x0000000084e00000, 0x0000000084f00000|  0%| F|  |TAMS 0x0000000084e00000, 0x0000000084e00000| Untracked 
|  59|0x0000000084f00000, 0x0000000084f00000, 0x0000000085000000|  0%| F|  |TAMS 0x0000000084f00000, 0x0000000084f00000| Untracked 
|  60|0x0000000085000000, 0x0000000085000000, 0x0000000085100000|  0%| F|  |TAMS 0x0000000085000000, 0x0000000085000000| Untracked 
|  61|0x0000000085100000, 0x0000000085100000, 0x0000000085200000|  0%| F|  |TAMS 0x0000000085100000, 0x0000000085100000| Untracked 
|  62|0x0000000085200000, 0x0000000085200000, 0x0000000085300000|  0%| F|  |TAMS 0x0000000085200000, 0x0000000085200000| Untracked 
|  63|0x0000000085300000, 0x0000000085300000, 0x0000000085400000|  0%| F|  |TAMS 0x0000000085300000, 0x0000000085300000| Untracked 
|  64|0x0000000085400000, 0x0000000085400000, 0x0000000085500000|  0%| F|  |TAMS 0x0000000085400000, 0x0000000085400000| Untracked 
|  65|0x0000000085500000, 0x0000000085500000, 0x0000000085600000|  0%| F|  |TAMS 0x0000000085500000, 0x0000000085500000| Untracked 
|  66|0x0000000085600000, 0x0000000085600000, 0x0000000085700000|  0%| F|  |TAMS 0x0000000085600000, 0x0000000085600000| Untracked 
|  67|0x0000000085700000, 0x0000000085700000, 0x0000000085800000|  0%| F|  |TAMS 0x0000000085700000, 0x0000000085700000| Untracked 
|  68|0x0000000085800000, 0x0000000085800000, 0x0000000085900000|  0%| F|  |TAMS 0x0000000085800000, 0x0000000085800000| Untracked 
|  69|0x0000000085900000, 0x0000000085900000, 0x0000000085a00000|  0%| F|  |TAMS 0x0000000085900000, 0x0000000085900000| Untracked 
|  70|0x0000000085a00000, 0x0000000085a00000, 0x0000000085b00000|  0%| F|  |TAMS 0x0000000085a00000, 0x0000000085a00000| Untracked 
|  71|0x0000000085b00000, 0x0000000085b00000, 0x0000000085c00000|  0%| F|  |TAMS 0x0000000085b00000, 0x0000000085b00000| Untracked 
|  72|0x0000000085c00000, 0x0000000085c00000, 0x0000000085d00000|  0%| F|  |TAMS 0x0000000085c00000, 0x0000000085c00000| Untracked 
|  73|0x0000000085d00000, 0x0000000085d00000, 0x0000000085e00000|  0%| F|  |TAMS 0x0000000085d00000, 0x0000000085d00000| Untracked 
|  74|0x0000000085e00000, 0x0000000085e00000, 0x0000000085f00000|  0%| F|  |TAMS 0x0000000085e00000, 0x0000000085e00000| Untracked 
|  75|0x0000000085f00000, 0x0000000085f00000, 0x0000000086000000|  0%| F|  |TAMS 0x0000000085f00000, 0x0000000085f00000| Untracked 
|  76|0x0000000086000000, 0x0000000086000000, 0x0000000086100000|  0%| F|  |TAMS 0x0000000086000000, 0x0000000086000000| Untracked 
|  77|0x0000000086100000, 0x0000000086100000, 0x0000000086200000|  0%| F|  |TAMS 0x0000000086100000, 0x0000000086100000| Untracked 
|  78|0x0000000086200000, 0x0000000086200000, 0x0000000086300000|  0%| F|  |TAMS 0x0000000086200000, 0x0000000086200000| Untracked 
|  79|0x0000000086300000, 0x0000000086300000, 0x0000000086400000|  0%| F|  |TAMS 0x0000000086300000, 0x0000000086300000| Untracked 
|  80|0x0000000086400000, 0x0000000086400000, 0x0000000086500000|  0%| F|  |TAMS 0x0000000086400000, 0x0000000086400000| Untracked 
|  81|0x0000000086500000, 0x0000000086500000, 0x0000000086600000|  0%| F|  |TAMS 0x0000000086500000, 0x0000000086500000| Untracked 
|  82|0x0000000086600000, 0x0000000086600000, 0x0000000086700000|  0%| F|  |TAMS 0x0000000086600000, 0x0000000086600000| Untracked 
|  83|0x0000000086700000, 0x0000000086700000, 0x0000000086800000|  0%| F|  |TAMS 0x0000000086700000, 0x0000000086700000| Untracked 
|  84|0x0000000086800000, 0x0000000086800000, 0x0000000086900000|  0%| F|  |TAMS 0x0000000086800000, 0x0000000086800000| Untracked 
|  85|0x0000000086900000, 0x0000000086900000, 0x0000000086a00000|  0%| F|  |TAMS 0x0000000086900000, 0x0000000086900000| Untracked 
|  86|0x0000000086a00000, 0x0000000086a00000, 0x0000000086b00000|  0%| F|  |TAMS 0x0000000086a00000, 0x0000000086a00000| Untracked 
|  87|0x0000000086b00000, 0x0000000086b00000, 0x0000000086c00000|  0%| F|  |TAMS 0x0000000086b00000, 0x0000000086b00000| Untracked 
|  88|0x0000000086c00000, 0x0000000086c00000, 0x0000000086d00000|  0%| F|  |TAMS 0x0000000086c00000, 0x0000000086c00000| Untracked 
|  89|0x0000000086d00000, 0x0000000086d00000, 0x0000000086e00000|  0%| F|  |TAMS 0x0000000086d00000, 0x0000000086d00000| Untracked 
|  90|0x0000000086e00000, 0x0000000086e00000, 0x0000000086f00000|  0%| F|  |TAMS 0x0000000086e00000, 0x0000000086e00000| Untracked 
|  91|0x0000000086f00000, 0x0000000086f00000, 0x0000000087000000|  0%| F|  |TAMS 0x0000000086f00000, 0x0000000086f00000| Untracked 
|  92|0x0000000087000000, 0x0000000087000000, 0x0000000087100000|  0%| F|  |TAMS 0x0000000087000000, 0x0000000087000000| Untracked 
|  93|0x0000000087100000, 0x0000000087100000, 0x0000000087200000|  0%| F|  |TAMS 0x0000000087100000, 0x0000000087100000| Untracked 
|  94|0x0000000087200000, 0x0000000087200000, 0x0000000087300000|  0%| F|  |TAMS 0x0000000087200000, 0x0000000087200000| Untracked 
|  95|0x0000000087300000, 0x0000000087300000, 0x0000000087400000|  0%| F|  |TAMS 0x0000000087300000, 0x0000000087300000| Untracked 
|  96|0x0000000087400000, 0x0000000087400000, 0x0000000087500000|  0%| F|  |TAMS 0x0000000087400000, 0x0000000087400000| Untracked 
|  97|0x0000000087500000, 0x0000000087500000, 0x0000000087600000|  0%| F|  |TAMS 0x0000000087500000, 0x0000000087500000| Untracked 
|  98|0x0000000087600000, 0x0000000087600000, 0x0000000087700000|  0%| F|  |TAMS 0x0000000087600000, 0x0000000087600000| Untracked 
|  99|0x0000000087700000, 0x0000000087700000, 0x0000000087800000|  0%| F|  |TAMS 0x0000000087700000, 0x0000000087700000| Untracked 
| 100|0x0000000087800000, 0x0000000087800000, 0x0000000087900000|  0%| F|  |TAMS 0x0000000087800000, 0x0000000087800000| Untracked 
| 101|0x0000000087900000, 0x0000000087900000, 0x0000000087a00000|  0%| F|  |TAMS 0x0000000087900000, 0x0000000087900000| Untracked 
| 102|0x0000000087a00000, 0x0000000087a00000, 0x0000000087b00000|  0%| F|  |TAMS 0x0000000087a00000, 0x0000000087a00000| Untracked 
| 103|0x0000000087b00000, 0x0000000087b00000, 0x0000000087c00000|  0%| F|  |TAMS 0x0000000087b00000, 0x0000000087b00000| Untracked 
| 104|0x0000000087c00000, 0x0000000087c00000, 0x0000000087d00000|  0%| F|  |TAMS 0x0000000087c00000, 0x0000000087c00000| Untracked 
| 105|0x0000000087d00000, 0x0000000087d00000, 0x0000000087e00000|  0%| F|  |TAMS 0x0000000087d00000, 0x0000000087d00000| Untracked 
| 106|0x0000000087e00000, 0x0000000087e00000, 0x0000000087f00000|  0%| F|  |TAMS 0x0000000087e00000, 0x0000000087e00000| Untracked 
| 107|0x0000000087f00000, 0x0000000087f00000, 0x0000000088000000|  0%| F|  |TAMS 0x0000000087f00000, 0x0000000087f00000| Untracked 
| 108|0x0000000088000000, 0x0000000088000000, 0x0000000088100000|  0%| F|  |TAMS 0x0000000088000000, 0x0000000088000000| Untracked 
| 109|0x0000000088100000, 0x0000000088100000, 0x0000000088200000|  0%| F|  |TAMS 0x0000000088100000, 0x0000000088100000| Untracked 
| 110|0x0000000088200000, 0x0000000088200000, 0x0000000088300000|  0%| F|  |TAMS 0x0000000088200000, 0x0000000088200000| Untracked 
| 111|0x0000000088300000, 0x0000000088300000, 0x0000000088400000|  0%| F|  |TAMS 0x0000000088300000, 0x0000000088300000| Untracked 
| 112|0x0000000088400000, 0x0000000088400000, 0x0000000088500000|  0%| F|  |TAMS 0x0000000088400000, 0x0000000088400000| Untracked 
| 113|0x0000000088500000, 0x0000000088500000, 0x0000000088600000|  0%| F|  |TAMS 0x0000000088500000, 0x0000000088500000| Untracked 
| 114|0x0000000088600000, 0x0000000088600000, 0x0000000088700000|  0%| F|  |TAMS 0x0000000088600000, 0x0000000088600000| Untracked 
| 115|0x0000000088700000, 0x0000000088700000, 0x0000000088800000|  0%| F|  |TAMS 0x0000000088700000, 0x0000000088700000| Untracked 
| 116|0x0000000088800000, 0x00000000888a6ad0, 0x0000000088900000| 65%| S|CS|TAMS 0x0000000088800000, 0x0000000088800000| Complete 
| 117|0x0000000088900000, 0x0000000088948350, 0x0000000088a00000| 28%| E|  |TAMS 0x0000000088900000, 0x0000000088900000| Complete 
| 118|0x0000000088a00000, 0x0000000088b00000, 0x0000000088b00000|100%| E|CS|TAMS 0x0000000088a00000, 0x0000000088a00000| Complete 
| 119|0x0000000088b00000, 0x0000000088c00000, 0x0000000088c00000|100%| E|CS|TAMS 0x0000000088b00000, 0x0000000088b00000| Complete 
| 120|0x0000000088c00000, 0x0000000088d00000, 0x0000000088d00000|100%| E|CS|TAMS 0x0000000088c00000, 0x0000000088c00000| Complete 
| 121|0x0000000088d00000, 0x0000000088e00000, 0x0000000088e00000|100%| E|CS|TAMS 0x0000000088d00000, 0x0000000088d00000| Complete 
| 122|0x0000000088e00000, 0x0000000088f00000, 0x0000000088f00000|100%| E|CS|TAMS 0x0000000088e00000, 0x0000000088e00000| Complete 
| 123|0x0000000088f00000, 0x0000000089000000, 0x0000000089000000|100%| E|CS|TAMS 0x0000000088f00000, 0x0000000088f00000| Complete 
| 124|0x0000000089000000, 0x0000000089100000, 0x0000000089100000|100%| E|CS|TAMS 0x0000000089000000, 0x0000000089000000| Complete 
| 125|0x0000000089100000, 0x0000000089200000, 0x0000000089200000|100%| E|CS|TAMS 0x0000000089100000, 0x0000000089100000| Complete 
| 126|0x0000000089200000, 0x0000000089300000, 0x0000000089300000|100%| E|CS|TAMS 0x0000000089200000, 0x0000000089200000| Complete 
| 127|0x0000000089300000, 0x0000000089400000, 0x0000000089400000|100%| E|CS|TAMS 0x0000000089300000, 0x0000000089300000| Complete 

Card table byte_map: [0x0000024856f50000,0x0000024857350000] _byte_map_base: 0x0000024856b46000

Marking Bits (Prev, Next): (CMBitMap*) 0x000002483da62828, (CMBitMap*) 0x000002483da62860
 Prev Bits: [0x0000024857750000, 0x0000024859700000)
 Next Bits: [0x0000024859700000, 0x000002485b6b0000)

Polling page: 0x000002483daf0000

Metaspace:

Usage:
  Non-class:     13.48 MB capacity,    13.22 MB ( 98%) used,   222.76 KB (  2%) free+waste,    37.63 KB ( <1%) overhead. 
      Class:      1.66 MB capacity,     1.50 MB ( 90%) used,   151.80 KB (  9%) free+waste,    17.69 KB (  1%) overhead. 
       Both:     15.14 MB capacity,    14.72 MB ( 97%) used,   374.56 KB (  2%) free+waste,    55.31 KB ( <1%) overhead. 

Virtual space:
  Non-class space:       14.00 MB reserved,      13.50 MB ( 96%) committed 
      Class space:        1.00 GB reserved,       1.75 MB ( <1%) committed 
             Both:        1.01 GB reserved,      15.25 MB (  1%) committed 

Chunk freelists:
   Non-Class:  3.13 KB
       Class:  3.38 KB
        Both:  6.50 KB

CodeHeap 'non-profiled nmethods': size=120064Kb used=617Kb max_used=617Kb free=119446Kb
 bounds [0x000002484eff0000, 0x000002484f260000, 0x0000024856530000]
CodeHeap 'profiled nmethods': size=120000Kb used=3472Kb max_used=3472Kb free=116527Kb
 bounds [0x0000024847ac0000, 0x0000024847e30000, 0x000002484eff0000]
CodeHeap 'non-nmethods': size=5696Kb used=1165Kb max_used=1207Kb free=4530Kb
 bounds [0x0000024847530000, 0x00000248477a0000, 0x0000024847ac0000]
 total_blobs=2352 nmethods=1577 adapters=295
 compilation: enabled
              stopped_count=0, restarted_count=0
 full_count=0

Compilation events (10 events):
Event: 1.800 Thread 0x000002485dd4b800 nmethod 1547 0x0000024847e1d910 code [0x0000024847e1dca0, 0x0000024847e1f4c0]
Event: 1.800 Thread 0x000002485dd4b800 1555       3       org.jsoup.parser.HtmlTreeBuilder::popStackToClose (56 bytes)
Event: 1.801 Thread 0x000002485dd4b800 nmethod 1555 0x0000024847e1ff10 code [0x0000024847e20180, 0x0000024847e20cd0]
Event: 1.801 Thread 0x000002485dd4b800 1553       3       org.jsoup.parser.HtmlTreeBuilder::getActiveFormattingElement (54 bytes)
Event: 1.801 Thread 0x000002485dd4b800 nmethod 1553 0x0000024847e21110 code [0x0000024847e21340, 0x0000024847e21c10]
Event: 1.801 Thread 0x000002485dd4b800 1545       3       org.jsoup.parser.HtmlTreeBuilder::generateImpliedEndTags (43 bytes)
Event: 1.802 Thread 0x000002485dd4b800 nmethod 1545 0x0000024847e21f10 code [0x0000024847e22240, 0x0000024847e23820]
Event: 1.802 Thread 0x000002485dd4b800 1542       3       org.jsoup.parser.Token::isCharacter (16 bytes)
Event: 1.802 Thread 0x000002485dd4b800 nmethod 1542 0x0000024847e23f10 code [0x0000024847e240c0, 0x0000024847e24298]
Event: 1.805 Thread 0x000002485e601800 nmethod 1543 0x000002484f088e90 code [0x000002484f0890a0, 0x000002484f08a088]

GC Heap History (4 events):
Event: 0.725 GC heap before
{Heap before GC invocations=0 (full 0):
 garbage-first heap   total 131072K, used 14336K [0x0000000081400000, 0x0000000100000000)
  region size 1024K, 14 young (14336K), 0 survivors (0K)
 Metaspace       used 10723K, capacity 10943K, committed 11136K, reserved 1058816K
  class space    used 975K, capacity 1028K, committed 1152K, reserved 1048576K
}
Event: 0.731 GC heap after
{Heap after GC invocations=1 (full 0):
 garbage-first heap   total 131072K, used 4412K [0x0000000081400000, 0x0000000100000000)
  region size 1024K, 2 young (2048K), 2 survivors (2048K)
 Metaspace       used 10723K, capacity 10943K, committed 11136K, reserved 1058816K
  class space    used 975K, capacity 1028K, committed 1152K, reserved 1048576K
}
Event: 1.093 GC heap before
{Heap before GC invocations=1 (full 0):
 garbage-first heap   total 131072K, used 15676K [0x0000000081400000, 0x0000000100000000)
  region size 1024K, 13 young (13312K), 2 survivors (2048K)
 Metaspace       used 13205K, capacity 13623K, committed 13824K, reserved 1060864K
  class space    used 1334K, capacity 1503K, committed 1536K, reserved 1048576K
}
Event: 1.095 GC heap after
{Heap after GC invocations=2 (full 0):
 garbage-first heap   total 131072K, used 5238K [0x0000000081400000, 0x0000000100000000)
  region size 1024K, 1 young (1024K), 1 survivors (1024K)
 Metaspace       used 13205K, capacity 13623K, committed 13824K, reserved 1060864K
  class space    used 1334K, capacity 1503K, committed 1536K, reserved 1048576K
}

Deoptimization events (10 events):
Event: 1.557 Thread 0x000002483da23000 Uncommon trap: reason=unstable_if action=reinterpret pc=0x000002484f0029e0 method=java.lang.StringLatin1.canEncode(I)Z @ 4 c2
Event: 1.560 Thread 0x000002483da23000 Uncommon trap: reason=unstable_if action=reinterpret pc=0x000002484f048734 method=java.lang.AbstractStringBuilder.putStringAt(ILjava/lang/String;)V @ 8 c2
Event: 1.560 Thread 0x000002483da23000 Uncommon trap: reason=unstable_if action=reinterpret pc=0x000002484f063f4c method=java.lang.AbstractStringBuilder.isLatin1()Z @ 10 c2
Event: 1.560 Thread 0x000002483da23000 Uncommon trap: reason=unstable_if action=reinterpret pc=0x000002484f03c2d0 method=java.lang.AbstractStringBuilder.putStringAt(ILjava/lang/String;)V @ 8 c2
Event: 1.560 Thread 0x000002483da23000 Uncommon trap: reason=unstable_if action=reinterpret pc=0x000002484f026bfc method=java.lang.AbstractStringBuilder.isLatin1()Z @ 10 c2
Event: 1.560 Thread 0x000002483da23000 Uncommon trap: reason=unstable_if action=reinterpret pc=0x000002484f03b98c method=java.lang.String.getBytes([BIB)V @ 5 c2
Event: 1.562 Thread 0x000002483da23000 Uncommon trap: reason=unstable_if action=reinterpret pc=0x000002484effc4a8 method=java.lang.String.equals(Ljava/lang/Object;)Z @ 27 c2
Event: 1.566 Thread 0x000002483da23000 Uncommon trap: reason=unstable_if action=reinterpret pc=0x000002484f013f58 method=java.lang.AbstractStringBuilder.isLatin1()Z @ 10 c2
Event: 1.566 Thread 0x000002483da23000 Uncommon trap: reason=unstable_if action=reinterpret pc=0x000002484f00d7a0 method=java.lang.AbstractStringBuilder.isLatin1()Z @ 10 c2
Event: 1.758 Thread 0x000002483da23000 Uncommon trap: reason=unstable_if action=reinterpret pc=0x000002484f081fd8 method=org.jsoup.parser.CharacterReader.consumeToAnySorted([C)Ljava/lang/String; @ 59 c2

Classes redefined (5 events):
Event: 329.714 Thread 0x000002485dcfa000 redefined class name=com.nuc.a4q.spider.PostSpider, count=1
Event: 365.752 Thread 0x000002485dcfa000 redefined class name=com.nuc.a4q.spider.PostSpider, count=2
Event: 378.048 Thread 0x000002485dcfa000 redefined class name=com.nuc.a4q.spider.PostSpider, count=3
Event: 390.545 Thread 0x000002485dcfa000 redefined class name=com.nuc.a4q.spider.PostSpider, count=4
Event: 400.069 Thread 0x000002485dcfa000 redefined class name=com.nuc.a4q.spider.PostSpider, count=5

Internal exceptions (10 events):
Event: 0.796 Thread 0x000002483da23000 Exception <a 'java/lang/IncompatibleClassChangeError'{0x00000000891acb90}: Found class java.lang.Object, but interface was expected> (0x00000000891acb90) thrown at [t:/workspace/open/src/hotspot/share/interpreter/linkResolver.cpp, line 856]
Event: 0.802 Thread 0x000002483da23000 Exception <a 'java/lang/NoSuchMethodError'{0x00000000891e89e0}: java.lang.invoke.DirectMethodHandle$Holder.invokeStaticInit(Ljava/lang/Object;Ljava/lang/Object;)I> (0x00000000891e89e0) thrown at [t:/workspace/open/src/hotspot/share/interpreter/linkResolve
Event: 0.834 Thread 0x000002483da23000 Exception <a 'java/lang/NoSuchMethodError'{0x0000000088f01b20}: java.lang.invoke.DirectMethodHandle$Holder.invokeSpecialIFC(Ljava/lang/Object;Ljava/lang/Object;Ljava/lang/Object;Ljava/lang/Object;)Ljava/lang/Object;> (0x0000000088f01b20) thrown at [t:/wor
Event: 0.850 Thread 0x000002483da23000 Exception <a 'java/lang/NoSuchMethodError'{0x0000000088f44210}: java.lang.invoke.DirectMethodHandle$Holder.invokeSpecial(Ljava/lang/Object;Ljava/lang/Object;Ljava/lang/Object;Ljava/lang/Object;)V> (0x0000000088f44210) thrown at [t:/workspace/open/src/hots
Event: 0.897 Thread 0x000002483da23000 Exception <a 'java/lang/NoSuchMethodError'{0x0000000088f91388}: java.lang.invoke.DirectMethodHandle$Holder.invokeVirtual(Ljava/lang/Object;Ljava/lang/Object;Ljava/lang/Object;)I> (0x0000000088f91388) thrown at [t:/workspace/open/src/hotspot/share/interpre
Event: 0.907 Thread 0x000002483da23000 Exception <a 'java/lang/NoSuchMethodError'{0x0000000088fa9618}: java.lang.invoke.DirectMethodHandle$Holder.invokeInterface(Ljava/lang/Object;Ljava/lang/Object;)V> (0x0000000088fa9618) thrown at [t:/workspace/open/src/hotspot/share/interpreter/linkResolver
Event: 0.907 Thread 0x000002483da23000 Exception <a 'java/lang/IncompatibleClassChangeError'{0x0000000088fac278}: Found class java.lang.Object, but interface was expected> (0x0000000088fac278) thrown at [t:/workspace/open/src/hotspot/share/interpreter/linkResolver.cpp, line 856]
Event: 1.059 Thread 0x000002483da23000 Exception <a 'java/lang/NoSuchMethodError'{0x0000000088ae7368}: java.lang.invoke.DirectMethodHandle$Holder.invokeStatic(Ljava/lang/Object;Ljava/lang/Object;Ljava/lang/Object;Ljava/lang/Object;Ljava/lang/Object;)I> (0x0000000088ae7368) thrown at [t:/worksp
Event: 1.328 Thread 0x000002483da23000 Implicit null exception at 0x000002484f021878 to 0x000002484f02190a
Event: 1.328 Thread 0x000002483da23000 Implicit null exception at 0x000002484f02d1af to 0x000002484f02d221

Events (10 events):
Event: 400.079 Executing VM operation: GetStackTrace done
Event: 400.323 Executing VM operation: GetFrameCount
Event: 400.324 Executing VM operation: GetFrameCount done
Event: 400.324 Executing VM operation: GetOwnedMonitorInfo
Event: 400.324 Executing VM operation: GetOwnedMonitorInfo done
Event: 400.324 Executing VM operation: GetCurrentContendedMonitor
Event: 400.324 Executing VM operation: GetCurrentContendedMonitor done
Event: 413.280 Executing VM operation: GetFrameLocation
Event: 413.280 Executing VM operation: GetFrameLocation done
Event: 413.280 Executing VM operation: GetOrSetLocal


Dynamic libraries:
0x00007ff746ed0000 - 0x00007ff746f17000 	D:\Java\JDK\bin\javaw.exe
0x00007ff91dbe0000 - 0x00007ff91ddcd000 	C:\Windows\SYSTEM32\ntdll.dll
0x00007ff91d330000 - 0x00007ff91d3e3000 	C:\Windows\System32\KERNEL32.DLL
0x00007ff91a980000 - 0x00007ff91ac13000 	C:\Windows\System32\KERNELBASE.dll
0x00007ff91bac0000 - 0x00007ff91bb63000 	C:\Windows\System32\ADVAPI32.dll
0x00007ff91b2b0000 - 0x00007ff91b34e000 	C:\Windows\System32\msvcrt.dll
0x00007ff91bbb0000 - 0x00007ff91bc4e000 	C:\Windows\System32\sechost.dll
0x00007ff91d950000 - 0x00007ff91da72000 	C:\Windows\System32\RPCRT4.dll
0x00007ff91b7a0000 - 0x00007ff91b937000 	C:\Windows\System32\USER32.dll
0x00007ff91acd0000 - 0x00007ff91acf0000 	C:\Windows\System32\win32u.dll
0x00007ff91b630000 - 0x00007ff91b659000 	C:\Windows\System32\GDI32.dll
0x00007ff919cb0000 - 0x00007ff919e4a000 	C:\Windows\System32\gdi32full.dll
0x00007ff91a8e0000 - 0x00007ff91a980000 	C:\Windows\System32\msvcp_win.dll
0x00007ff91a030000 - 0x00007ff91a12a000 	C:\Windows\System32\ucrtbase.dll
0x00007ff90d3b0000 - 0x00007ff90d629000 	C:\Windows\WinSxS\amd64_microsoft.windows.common-controls_6595b64144ccf1df_6.0.17763.437_none_05b63dca071e5dd6\COMCTL32.dll
0x00007ff90f100000 - 0x00007ff90f10a000 	C:\Windows\SYSTEM32\VERSION.dll
0x00007ff91d620000 - 0x00007ff91d94c000 	C:\Windows\System32\combase.dll
0x00007ff91ad40000 - 0x00007ff91adbe000 	C:\Windows\System32\bcryptPrimitives.dll
0x00007ff91bb70000 - 0x00007ff91bb9e000 	C:\Windows\System32\IMM32.DLL
0x00007ff9147e0000 - 0x00007ff9147f6000 	D:\Java\JDK\bin\vcruntime140.dll
0x00007ff8eab10000 - 0x00007ff8eabba000 	D:\Java\JDK\bin\msvcp140.dll
0x00007ff8de400000 - 0x00007ff8def42000 	D:\Java\JDK\bin\server\jvm.dll
0x00007ff91bba0000 - 0x00007ff91bba8000 	C:\Windows\System32\PSAPI.DLL
0x00007ff9160a0000 - 0x00007ff9160a9000 	C:\Windows\SYSTEM32\WSOCK32.dll
0x00007ff910bb0000 - 0x00007ff910bd4000 	C:\Windows\SYSTEM32\WINMM.dll
0x00007ff91ba50000 - 0x00007ff91babd000 	C:\Windows\System32\WS2_32.dll
0x00007ff910970000 - 0x00007ff91099d000 	C:\Windows\SYSTEM32\winmmbase.dll
0x00007ff91acf0000 - 0x00007ff91ad3a000 	C:\Windows\System32\cfgmgr32.dll
0x00007ff919c10000 - 0x00007ff919c21000 	C:\Windows\System32\kernel.appcore.dll
0x00007ff9149c0000 - 0x00007ff9149d1000 	D:\Java\JDK\bin\verify.dll
0x00007ff9123b0000 - 0x00007ff91259d000 	C:\Windows\SYSTEM32\DBGHELP.DLL
0x00007ff912360000 - 0x00007ff91238a000 	C:\Windows\SYSTEM32\dbgcore.DLL
0x00007ff914990000 - 0x00007ff9149b9000 	D:\Java\JDK\bin\java.dll
0x00007ff902c30000 - 0x00007ff902c67000 	D:\Java\JDK\bin\jdwp.dll
0x00007ff907a10000 - 0x00007ff907a3f000 	D:\Java\JDK\bin\instrument.dll
0x00007ff914970000 - 0x00007ff914986000 	D:\Java\JDK\bin\zip.dll
0x00007ff914c90000 - 0x00007ff914c9a000 	D:\Java\JDK\bin\jimage.dll
0x00007ff91be40000 - 0x00007ff91d330000 	C:\Windows\System32\SHELL32.dll
0x00007ff91b9a0000 - 0x00007ff91ba48000 	C:\Windows\System32\shcore.dll
0x00007ff91a190000 - 0x00007ff91a8da000 	C:\Windows\System32\windows.storage.dll
0x00007ff919be0000 - 0x00007ff919c04000 	C:\Windows\System32\profapi.dll
0x00007ff919c30000 - 0x00007ff919c8d000 	C:\Windows\System32\powrprof.dll
0x00007ff91b660000 - 0x00007ff91b6b2000 	C:\Windows\System32\shlwapi.dll
0x00007ff91adf0000 - 0x00007ff91ae07000 	C:\Windows\System32\cryptsp.dll
0x00007ff90c1d0000 - 0x00007ff90c1da000 	D:\Java\JDK\bin\dt_socket.dll
0x00007ff919460000 - 0x00007ff9194c7000 	C:\Windows\System32\mswsock.dll
0x00007ff919200000 - 0x00007ff9192c6000 	C:\Windows\SYSTEM32\DNSAPI.dll
0x00007ff91d3f0000 - 0x00007ff91d3f8000 	C:\Windows\System32\NSI.dll
0x00007ff9191c0000 - 0x00007ff9191fd000 	C:\Windows\SYSTEM32\IPHLPAPI.DLL
0x00007ff911670000 - 0x00007ff9116e9000 	C:\Windows\System32\fwpuclnt.dll
0x00007ff91adc0000 - 0x00007ff91ade6000 	C:\Windows\System32\bcrypt.dll
0x00007ff910880000 - 0x00007ff91088a000 	C:\Windows\System32\rasadhlp.dll
0x00007ff914950000 - 0x00007ff914969000 	D:\Java\JDK\bin\net.dll
0x00007ff913130000 - 0x00007ff913221000 	C:\Windows\SYSTEM32\WINHTTP.dll
0x00007ff914930000 - 0x00007ff914943000 	D:\Java\JDK\bin\nio.dll

dbghelp: loaded successfully - version: 4.0.5 - missing functions: none
symbol engine: initialized successfully - sym options: 0x614 - pdb path: .;D:\Java\JDK\bin;C:\Windows\SYSTEM32;C:\Windows\WinSxS\amd64_microsoft.windows.common-controls_6595b64144ccf1df_6.0.17763.437_none_05b63dca071e5dd6;D:\Java\JDK\bin\server

VM Arguments:
jvm_args: -agentlib:jdwp=transport=dt_socket,suspend=y,address=localhost:61388 -ea -javaagent:D:\Java\Eclipseee\eclipse\configuration\org.eclipse.osgi\418\0\.cp\lib\javaagent-shaded.jar -Dfile.encoding=UTF-8 
java_command: org.eclipse.jdt.internal.junit.runner.RemoteTestRunner -version 3 -port 61387 -testLoaderClass org.eclipse.jdt.internal.junit5.runner.JUnit5TestLoader -loaderpluginname org.eclipse.jdt.junit5.runtime -classNames com.nuc.a4q.spider.PostSpider
java_class_path (initial): C:\Users\65783\Desktop\GitHub\blogg\a4q\target\test-classes;C:\Users\65783\Desktop\GitHub\blogg\a4q\target\classes;D:\apache-tomcat-8.0.53\lib\annotations-api.jar;D:\apache-tomcat-8.0.53\lib\catalina-ant.jar;D:\apache-tomcat-8.0.53\lib\catalina-ha.jar;D:\apache-tomcat-8.0.53\lib\catalina-storeconfig.jar;D:\apache-tomcat-8.0.53\lib\catalina-tribes.jar;D:\apache-tomcat-8.0.53\lib\catalina.jar;D:\apache-tomcat-8.0.53\lib\ecj-4.6.3.jar;D:\apache-tomcat-8.0.53\lib\el-api.jar;D:\apache-tomcat-8.0.53\lib\jasper-el.jar;D:\apache-tomcat-8.0.53\lib\jasper.jar;D:\apache-tomcat-8.0.53\lib\jsp-api.jar;D:\apache-tomcat-8.0.53\lib\servlet-api.jar;D:\apache-tomcat-8.0.53\lib\tomcat-api.jar;D:\apache-tomcat-8.0.53\lib\tomcat-coyote.jar;D:\apache-tomcat-8.0.53\lib\tomcat-dbcp.jar;D:\apache-tomcat-8.0.53\lib\tomcat-i18n-es.jar;D:\apache-tomcat-8.0.53\lib\tomcat-i18n-fr.jar;D:\apache-tomcat-8.0.53\lib\tomcat-i18n-ja.jar;D:\apache-tomcat-8.0.53\lib\tomcat-jdbc.jar;D:\apache-tomcat-8.0.53\lib\tomcat-jni.jar;D:\apache-tomcat-8.0.53\lib\tomcat-util-scan.jar;D:\apache-tomcat-8.0.53\lib\tomcat-util.jar;D:\apache-tomcat-8.0.53\lib\tomcat-websocket.jar;D:\apache-tomcat-8.0.53\lib\websocket-api.jar;D:\Java\Eclipseee\eclipse\plugins\org.junit.jupiter.api_5.1.0.v20180327-1502.jar;D:\Java\Eclipseee\eclipse\plugins\org.junit.jupiter.engine_5.1.0.v20180327-1502.jar;D:\Java\Eclipseee\eclipse\plugins\org.junit.jupiter.migrationsupport_5.1.0.v20180327-1502.jar;D:\Java\Eclipseee\eclipse\plugins\org.junit.jupiter.params_5.1.0.v20180327-1502.jar;D:\Java\Eclipseee\eclipse\plugins\org.junit.platform.commons_1.1.0.v20180327-1502.jar;D:\Java\Eclipseee\eclipse\plugins\org.junit.platform.engine_1.1.0.v20180327-1502.jar;D:\Java\Eclipseee\eclipse\plugins\org.junit.platform.launcher_1.1.0.v20180327-1502.jar;D:\Java\Eclipseee\eclipse\plugins\org.junit.platform.runner_1.1.0.v20180327-1502.jar;D:\Java\Eclipseee\eclipse\plugins\org.junit.platform.suite.api_1.1.0.v20180327-1502.jar;D:\Java\
Launcher Type: SUN_STANDARD

[Global flags]
     intx CICompilerCount                          = 3                                         {product} {ergonomic}
     uint ConcGCThreads                            = 1                                         {product} {ergonomic}
     uint G1ConcRefinementThreads                  = 4                                         {product} {ergonomic}
   size_t G1HeapRegionSize                         = 1048576                                   {product} {ergonomic}
    uintx GCDrainStackTargetSize                   = 64                                        {product} {ergonomic}
   size_t InitialHeapSize                          = 134217728                                 {product} {ergonomic}
   size_t MarkStackSize                            = 4194304                                   {product} {ergonomic}
   size_t MaxHeapSize                              = 2126512128                                {product} {ergonomic}
   size_t MaxNewSize                               = 1275068416                                {product} {ergonomic}
   size_t MinHeapDeltaBytes                        = 1048576                                   {product} {ergonomic}
    uintx NonNMethodCodeHeapSize                   = 5830092                                {pd product} {ergonomic}
    uintx NonProfiledCodeHeapSize                  = 122914074                              {pd product} {ergonomic}
    uintx ProfiledCodeHeapSize                     = 122914074                              {pd product} {ergonomic}
    uintx ReservedCodeCacheSize                    = 251658240                              {pd product} {ergonomic}
     bool SegmentedCodeCache                       = true                                      {product} {ergonomic}
     bool UseCompressedClassPointers               = true                                 {lp64_product} {ergonomic}
     bool UseCompressedOops                        = true                                 {lp64_product} {ergonomic}
     bool UseG1GC                                  = true                                      {product} {ergonomic}
     bool UseLargePagesIndividualAllocation        = false                                  {pd product} {ergonomic}

Logging:
Log output configuration:
 #0: stdout all=warning uptime,level,tags
 #1: stderr all=off uptime,level,tags

Environment Variables:
JAVA_HOME=D:\Java\JDK
CLASSPATH=.;D:\Java\JDK\lib\dt.jar;D:\Java\JDK\lib\tools.jar;
PATH=D:/Java/JDK/bin/server;D:/Java/JDK/bin;C:\Windows\system32;C:\Windows;C:\Windows\System32\Wbem;C:\Windows\System32\WindowsPowerShell\v1.0\;C:\Windows\System32\OpenSSH\;D:\Java\JDK\bin;D:\Java\JDK\jre\bin;D:\Maven\apache-maven-3.6.0\bin;D:\MySQL\mysql-5.7.24-winx64\bin;C:\Program Files (x86)\NVIDIA Corporation\PhysX\Common;D:\VsCode\Microsoft VS Code\bin;D:\node\;D:\node\node_modules\npm\bin;D:\python\Scripts;D:\python;D:\Git\Git\cmd;E:\Calebre2\;C:\Users\65783\AppData\Local\Microsoft\WindowsApps;C:\Users\65783\AppData\Roaming\npm;D:\Java\Eclipseee\eclipse;
USERNAME=65783
OS=Windows_NT
PROCESSOR_IDENTIFIER=Intel64 Family 6 Model 94 Stepping 3, GenuineIntel



---------------  S Y S T E M  ---------------

OS: Windows 10 , 64 bit Build 17763 (10.0.17763.437)

CPU:total 4 (initial active 4) (4 cores per cpu, 1 threads per core) family 6 model 94 stepping 3, cmov, cx8, fxsr, mmx, sse, sse2, sse3, ssse3, sse4.1, sse4.2, popcnt, avx, avx2, aes, clmul, erms, rtm, 3dnowpref, lzcnt, tsc, tscinvbit, bmi1, bmi2, adx, fma

Memory: 4k page, system-wide physical 8104M (3263M free)
TotalPageFile size 9401M (AvailPageFile size 2538M)
current process WorkingSet (physical memory assigned to process): 74M, peak: 93M
current process commit charge ("private bytes"): 218M, peak: 234M

vm_info: Java HotSpot(TM) 64-Bit Server VM (11.0.1+13-LTS) for windows-amd64 JRE (11.0.1+13-LTS), built on Oct  6 2018 13:20:16 by "mach5one" with MS VC++ 15.5 (VS2017)

END.
